<?xml version="1.0" encoding="UTF-8"?>
<testng-results ignored="0" total="0" passed="0" failed="0" skipped="0">
  <reporter-output>
  </reporter-output>
  <suite started-at="2023-05-08T13:26:18Z" name="Test.LoginTest" finished-at="2023-05-08T13:26:19Z" duration-ms="8">
    <groups>
    </groups>
    <test started-at="2023-05-08T13:26:18Z" name="Command line test" finished-at="2023-05-08T13:26:19Z" duration-ms="8">
    </test> <!-- Command line test -->
  </suite> <!-- Test.LoginTest -->
</testng-results>
