<?xml version="1.0" encoding="UTF-8"?>
<testng-results ignored="0" total="1" passed="1" failed="0" skipped="0">
  <reporter-output>
  </reporter-output>
  <suite started-at="2023-05-01T12:29:09Z" name="Default suite" finished-at="2023-05-01T12:29:16Z" duration-ms="6438">
    <groups>
    </groups>
    <test started-at="2023-05-01T12:29:09Z" name="Default test" finished-at="2023-05-01T12:29:16Z" duration-ms="6438">
      <class name="LearnTestNG">
        <test-method is-config="true" signature="readConfigFile()[pri:0, instance:LearnTestNG@35dab4eb]" started-at="2023-05-01T12:29:09Z" name="readConfigFile" finished-at="2023-05-01T12:29:09Z" duration-ms="16" status="PASS">
          <reporter-output>
          </reporter-output>
        </test-method> <!-- readConfigFile -->
        <test-method is-config="true" signature="init()[pri:0, instance:LearnTestNG@35dab4eb]" started-at="2023-05-01T12:29:09Z" name="init" finished-at="2023-05-01T12:29:13Z" duration-ms="3697" status="PASS">
          <reporter-output>
          </reporter-output>
        </test-method> <!-- init -->
        <test-method signature="homework4()[pri:0, instance:LearnTestNG@35dab4eb]" started-at="2023-05-01T12:29:13Z" name="homework4" finished-at="2023-05-01T12:29:16Z" duration-ms="2690" status="PASS">
          <reporter-output>
          </reporter-output>
        </test-method> <!-- homework4 -->
      </class> <!-- LearnTestNG -->
    </test> <!-- Default test -->
  </suite> <!-- Default suite -->
</testng-results>
